TN:
SF:src/app.controller.ts
FN:6,(anonymous_2)
FN:9,(anonymous_3)
FNF:2
FNH:2
FNDA:1,(anonymous_2)
FNDA:1,(anonymous_3)
DA:1,1
DA:2,1
DA:5,1
DA:6,1
DA:9,1
DA:10,1
LF:6
LH:6
BRF:0
BRH:0
end_of_record
TN:
SF:src/app.module.ts
FNF:0
FNH:0
DA:1,0
DA:2,0
DA:3,0
DA:4,0
DA:5,0
DA:6,0
DA:7,0
DA:21,0
LF:8
LH:0
BRF:0
BRH:0
end_of_record
TN:
SF:src/app.service.ts
FN:5,(anonymous_1)
FNF:1
FNH:1
FNDA:1,(anonymous_1)
DA:1,1
DA:4,1
DA:6,1
LF:3
LH:3
BRF:0
BRH:0
end_of_record
TN:
SF:src/main.ts
FN:5,bootstrap
FNF:1
FNH:0
FNDA:0,bootstrap
DA:1,0
DA:2,0
DA:3,0
DA:6,0
DA:7,0
DA:8,0
DA:10,0
DA:11,0
DA:13,0
LF:9
LH:0
BRF:0
BRH:0
end_of_record
TN:
SF:src/museums/museums.controller.ts
FN:7,(anonymous_4)
FN:10,(anonymous_5)
FN:15,(anonymous_6)
FN:20,(anonymous_7)
FN:25,(anonymous_8)
FN:30,(anonymous_9)
FNF:6
FNH:2
FNDA:2,(anonymous_4)
FNDA:0,(anonymous_5)
FNDA:0,(anonymous_6)
FNDA:1,(anonymous_7)
FNDA:0,(anonymous_8)
FNDA:0,(anonymous_9)
DA:1,1
DA:2,1
DA:3,1
DA:6,1
DA:7,2
DA:10,1
DA:11,0
DA:15,1
DA:16,0
DA:20,1
DA:21,1
DA:25,1
DA:26,0
DA:30,1
DA:31,0
LF:15
LH:11
BRF:0
BRH:0
end_of_record
TN:
SF:src/museums/museums.module.ts
FNF:0
FNH:0
DA:1,0
DA:2,0
DA:3,0
DA:4,0
DA:5,0
DA:19,0
LF:6
LH:0
BRF:0
BRH:0
end_of_record
TN:
SF:src/museums/museums.service.ts
FN:9,(anonymous_4)
FN:11,(anonymous_5)
FN:27,(anonymous_6)
FN:36,(anonymous_7)
FN:40,(anonymous_8)
FNF:5
FNH:2
FNDA:2,(anonymous_4)
FNDA:0,(anonymous_5)
FNDA:1,(anonymous_6)
FNDA:0,(anonymous_7)
FNDA:0,(anonymous_8)
DA:1,2
DA:2,2
DA:3,2
DA:4,2
DA:8,2
DA:9,2
DA:12,0
DA:13,0
DA:16,0
DA:17,0
DA:21,0
DA:23,0
DA:28,1
DA:29,1
DA:30,1
DA:32,0
DA:37,0
DA:41,0
LF:18
LH:9
BRDA:16,0,0,0
BRF:1
BRH:0
end_of_record
TN:
SF:src/museums/dto/create-museum.dto.ts
FNF:0
FNH:0
DA:1,1
LF:1
LH:1
BRF:0
BRH:0
end_of_record
TN:
SF:src/museums/dto/update-museum.dto.ts
FNF:0
FNH:0
DA:1,0
DA:2,0
DA:4,0
LF:3
LH:0
BRF:0
BRH:0
end_of_record
TN:
SF:src/museums/schemas/museum.schema.ts
FNF:0
FNH:0
DA:1,2
DA:7,2
DA:9,2
DA:12,2
DA:15,2
DA:18,2
DA:23,2
DA:26,2
DA:29,2
LF:9
LH:9
BRF:0
BRH:0
end_of_record
TN:
SF:src/zones/zones.controller.ts
FN:7,(anonymous_4)
FN:10,(anonymous_5)
FN:15,(anonymous_6)
FN:20,(anonymous_7)
FNF:4
FNH:1
FNDA:2,(anonymous_4)
FNDA:0,(anonymous_5)
FNDA:0,(anonymous_6)
FNDA:0,(anonymous_7)
DA:1,1
DA:2,1
DA:3,1
DA:6,1
DA:7,2
DA:10,1
DA:11,0
DA:15,1
DA:16,0
DA:20,1
DA:21,0
LF:11
LH:8
BRF:0
BRH:0
end_of_record
TN:
SF:src/zones/zones.module.ts
FNF:0
FNH:0
DA:1,0
DA:2,0
DA:3,0
DA:4,0
DA:5,0
DA:19,0
LF:6
LH:0
BRF:0
BRH:0
end_of_record
TN:
SF:src/zones/zones.service.ts
FN:9,(anonymous_4)
FN:10,(anonymous_5)
FN:19,(anonymous_6)
FN:28,(anonymous_7)
FNF:4
FNH:2
FNDA:2,(anonymous_4)
FNDA:0,(anonymous_5)
FNDA:1,(anonymous_6)
FNDA:0,(anonymous_7)
DA:1,2
DA:3,2
DA:4,2
DA:5,2
DA:8,2
DA:9,2
DA:11,0
DA:12,0
DA:14,0
DA:16,0
DA:20,1
DA:21,1
DA:22,1
DA:24,0
DA:29,0
LF:15
LH:9
BRF:0
BRH:0
end_of_record
TN:
SF:src/zones/dto/create-zone.dto.ts
FNF:0
FNH:0
DA:1,1
LF:1
LH:1
BRF:0
BRH:0
end_of_record
TN:
SF:src/zones/dto/update-zone.dto.ts
FNF:0
FNH:0
DA:1,0
DA:2,0
DA:4,0
LF:3
LH:0
BRF:0
BRH:0
end_of_record
TN:
SF:src/zones/schemas/zone.schema.ts
FNF:0
FNH:0
DA:1,2
DA:7,2
DA:9,2
DA:12,2
DA:15,2
LF:5
LH:5
BRF:0
BRH:0
end_of_record
